<?xml version="1.0" encoding="UTF-8"?>
<!-- Generated by org.testng.reporters.JUnitXMLReporter -->
<testsuite hostname="LAPTOP-HOETUUL9" ignored="3" name="TestGrouping" tests="2" failures="0" timestamp="21 Jun 2019 14:23:31 GMT" time="0.031" errors="0">
  <testcase name="register1" time="0.009" classname="groupingTest.GroupingTestClasses"/>
  <testcase name="register2" time="0.001" classname="groupingTest.GroupingTestClasses"/>
  <testcase name="loginx" time="0.0" classname="groupingTest.GroupingTestClasses">
    <ignored/>
  </testcase> <!-- loginx -->
  <testcase name="login2" time="0.0" classname="groupingTest.GroupingTestClasses">
    <ignored/>
  </testcase> <!-- login2 -->
  <testcase name="login1" time="0.0" classname="groupingTest.GroupingTestClasses">
    <ignored/>
  </testcase> <!-- login1 -->
</testsuite> <!-- TestGrouping -->
